# JRE version: Java(TM) SE Runtime Environment (8.0_311-b11) (build 1.8.0_311-b11)
# Java VM: Java HotSpot(TM) 64-Bit Server VM (25.311-b11 mixed mode windows-amd64 compressed oops)
Heap:
 PSYoungGen      total 194560K, used 103310K [0x00000000d6200000, 0x00000000e2e80000, 0x0000000100000000)
  eden space 182272K, 51% used [0x00000000d6200000,0x00000000dbcf6908,0x00000000e1400000)
  from space 12288K, 82% used [0x00000000e1400000,0x00000000e1ded2d8,0x00000000e2000000)
  to   space 12800K, 0% used [0x00000000e2000000,0x00000000e2000000,0x00000000e2c80000)
 ParOldGen       total 83456K, used 17881K [0x0000000082600000, 0x0000000087780000, 0x00000000d6200000)
  object space 83456K, 21% used [0x0000000082600000,0x00000000837765d8,0x0000000087780000)
 Metaspace       used 42139K, capacity 44240K, committed 44544K, reserved 1087488K
  class space    used 5653K, capacity 6060K, committed 6144K, reserved 1048576K
GC Heap History (10 events):
Event: 6.110 GC heap before
{Heap before GC invocations=9 (full 1):
 PSYoungGen      total 140800K, used 138118K [0x00000000d6200000, 0x00000000df500000, 0x0000000100000000)
  eden space 131072K, 100% used [0x00000000d6200000,0x00000000de200000,0x00000000de200000)
  from space 9728K, 72% used [0x00000000de200000,0x00000000de8e1bd0,0x00000000deb80000)
  to   space 9216K, 0% used [0x00000000dec00000,0x00000000dec00000,0x00000000df500000)
 ParOldGen       total 53760K, used 7041K [0x0000000082600000, 0x0000000085a80000, 0x00000000d6200000)
  object space 53760K, 13% used [0x0000000082600000,0x0000000082ce06f0,0x0000000085a80000)
 Metaspace       used 26692K, capacity 27680K, committed 27776K, reserved 1073152K
  class space    used 3622K, capacity 3872K, committed 3968K, reserved 1048576K
Event: 6.115 GC heap after
Heap after GC invocations=9 (full 1):
 PSYoungGen      total 140288K, used 8980K [0x00000000d6200000, 0x00000000df500000, 0x0000000100000000)
  eden space 131072K, 0% used [0x00000000d6200000,0x00000000d6200000,0x00000000de200000)
  from space 9216K, 97% used [0x00000000dec00000,0x00000000df4c5128,0x00000000df500000)
  to   space 9728K, 0% used [0x00000000de200000,0x00000000de200000,0x00000000deb80000)
 ParOldGen       total 53760K, used 7049K [0x0000000082600000, 0x0000000085a80000, 0x00000000d6200000)
  object space 53760K, 13% used [0x0000000082600000,0x0000000082ce26f0,0x0000000085a80000)
 Metaspace       used 26692K, capacity 27680K, committed 27776K, reserved 1073152K
  class space    used 3622K, capacity 3872K, committed 3968K, reserved 1048576K
}
Event: 7.021 GC heap before
{Heap before GC invocations=10 (full 1):
 PSYoungGen      total 140288K, used 140052K [0x00000000d6200000, 0x00000000df500000, 0x0000000100000000)
  eden space 131072K, 100% used [0x00000000d6200000,0x00000000de200000,0x00000000de200000)
  from space 9216K, 97% used [0x00000000dec00000,0x00000000df4c5128,0x00000000df500000)
  to   space 9728K, 0% used [0x00000000de200000,0x00000000de200000,0x00000000deb80000)
 ParOldGen       total 53760K, used 7049K [0x0000000082600000, 0x0000000085a80000, 0x00000000d6200000)
  object space 53760K, 13% used [0x0000000082600000,0x0000000082ce26f0,0x0000000085a80000)
 Metaspace       used 32031K, capacity 33436K, committed 33664K, reserved 1079296K
  class space    used 4352K, capacity 4633K, committed 4736K, reserved 1048576K
Event: 7.032 GC heap after
Heap after GC invocations=10 (full 1):
 PSYoungGen      total 140800K, used 9696K [0x00000000d6200000, 0x00000000e2c80000, 0x0000000100000000)
  eden space 131072K, 0% used [0x00000000d6200000,0x00000000d6200000,0x00000000de200000)
  from space 9728K, 99% used [0x00000000de200000,0x00000000deb78040,0x00000000deb80000)
  to   space 12800K, 0% used [0x00000000e2000000,0x00000000e2000000,0x00000000e2c80000)
 ParOldGen       total 53760K, used 11176K [0x0000000082600000, 0x0000000085a80000, 0x00000000d6200000)
  object space 53760K, 20% used [0x0000000082600000,0x00000000830ea2d0,0x0000000085a80000)
 Metaspace       used 32031K, capacity 33436K, committed 33664K, reserved 1079296K
  class space    used 4352K, capacity 4633K, committed 4736K, reserved 1048576K
}
Event: 7.423 GC heap before
{Heap before GC invocations=11 (full 1):
 PSYoungGen      total 140800K, used 42483K [0x00000000d6200000, 0x00000000e2c80000, 0x0000000100000000)
  eden space 131072K, 25% used [0x00000000d6200000,0x00000000d8204f38,0x00000000de200000)
  from space 9728K, 99% used [0x00000000de200000,0x00000000deb78040,0x00000000deb80000)
  to   space 12800K, 0% used [0x00000000e2000000,0x00000000e2000000,0x00000000e2c80000)
 ParOldGen       total 53760K, used 11176K [0x0000000082600000, 0x0000000085a80000, 0x00000000d6200000)
  object space 53760K, 20% used [0x0000000082600000,0x00000000830ea2d0,0x0000000085a80000)
 Metaspace       used 34000K, capacity 35482K, committed 35496K, reserved 1079296K
  class space    used 4566K, capacity 4852K, committed 4864K, reserved 1048576K
Event: 7.432 GC heap after
Heap after GC invocations=11 (full 1):
 PSYoungGen      total 195072K, used 6474K [0x00000000d6200000, 0x00000000e2e80000, 0x0000000100000000)
  eden space 182272K, 0% used [0x00000000d6200000,0x00000000d6200000,0x00000000e1400000)
  from space 12800K, 50% used [0x00000000e2000000,0x00000000e2652880,0x00000000e2c80000)
  to   space 12288K, 0% used [0x00000000e1400000,0x00000000e1400000,0x00000000e2000000)
 ParOldGen       total 53760K, used 16803K [0x0000000082600000, 0x0000000085a80000, 0x00000000d6200000)
  object space 53760K, 31% used [0x0000000082600000,0x0000000083668fd8,0x0000000085a80000)
 Metaspace       used 34000K, capacity 35482K, committed 35496K, reserved 1079296K
  class space    used 4566K, capacity 4852K, committed 4864K, reserved 1048576K
}
Event: 7.432 GC heap before
{Heap before GC invocations=12 (full 2):
 PSYoungGen      total 195072K, used 6474K [0x00000000d6200000, 0x00000000e2e80000, 0x0000000100000000)
  eden space 182272K, 0% used [0x00000000d6200000,0x00000000d6200000,0x00000000e1400000)
  from space 12800K, 50% used [0x00000000e2000000,0x00000000e2652880,0x00000000e2c80000)
  to   space 12288K, 0% used [0x00000000e1400000,0x00000000e1400000,0x00000000e2000000)
 ParOldGen       total 53760K, used 16803K [0x0000000082600000, 0x0000000085a80000, 0x00000000d6200000)
  object space 53760K, 31% used [0x0000000082600000,0x0000000083668fd8,0x0000000085a80000)
 Metaspace       used 34000K, capacity 35482K, committed 35496K, reserved 1079296K
  class space    used 4566K, capacity 4852K, committed 4864K, reserved 1048576K
Event: 7.491 GC heap after
Heap after GC invocations=12 (full 2):
 PSYoungGen      total 195072K, used 0K [0x00000000d6200000, 0x00000000e2e80000, 0x0000000100000000)
  eden space 182272K, 0% used [0x00000000d6200000,0x00000000d6200000,0x00000000e1400000)
  from space 12800K, 0% used [0x00000000e2000000,0x00000000e2000000,0x00000000e2c80000)
  to   space 12288K, 0% used [0x00000000e1400000,0x00000000e1400000,0x00000000e2000000)
 ParOldGen       total 83456K, used 17797K [0x0000000082600000, 0x0000000087780000, 0x00000000d6200000)
  object space 83456K, 21% used [0x0000000082600000,0x0000000083761708,0x0000000087780000)
 Metaspace       used 34000K, capacity 35482K, committed 35496K, reserved 1079296K
  class space    used 4566K, capacity 4852K, committed 4864K, reserved 1048576K
}
Event: 9.755 GC heap before
{Heap before GC invocations=13 (full 2):
 PSYoungGen      total 195072K, used 182272K [0x00000000d6200000, 0x00000000e2e80000, 0x0000000100000000)
  eden space 182272K, 100% used [0x00000000d6200000,0x00000000e1400000,0x00000000e1400000)
  from space 12800K, 0% used [0x00000000e2000000,0x00000000e2000000,0x00000000e2c80000)
  to   space 12288K, 0% used [0x00000000e1400000,0x00000000e1400000,0x00000000e2000000)
 ParOldGen       total 83456K, used 17873K [0x0000000082600000, 0x0000000087780000, 0x00000000d6200000)
  object space 83456K, 21% used [0x0000000082600000,0x00000000837745d8,0x0000000087780000)
 Metaspace       used 38215K, capacity 40002K, committed 40192K, reserved 1083392K
  class space    used 5158K, capacity 5517K, committed 5632K, reserved 1048576K
Event: 9.764 GC heap after
Heap after GC invocations=13 (full 2):
 PSYoungGen      total 194560K, used 10164K [0x00000000d6200000, 0x00000000e2e80000, 0x0000000100000000)
  eden space 182272K, 0% used [0x00000000d6200000,0x00000000d6200000,0x00000000e1400000)
  from space 12288K, 82% used [0x00000000e1400000,0x00000000e1ded2d8,0x00000000e2000000)
  to   space 12800K, 0% used [0x00000000e2000000,0x00000000e2000000,0x00000000e2c80000)
 ParOldGen       total 83456K, used 17881K [0x0000000082600000, 0x0000000087780000, 0x00000000d6200000)
  object space 83456K, 21% used [0x0000000082600000,0x00000000837765d8,0x0000000087780000)
 Metaspace       used 38215K, capacity 40002K, committed 40192K, reserved 1083392K
  class space    used 5158K, capacity 5517K, committed 5632K, reserved 1048576K
}

